已經開始建置於 2013/4/10 上午 11:06:13。
     1>節點 2 (build 目標) 上的專案 "F:\C++OO\20130402\20130402\20130402.vcxproj"。
     1>InitializeBuildStatus:
         正在變更時間戳記 "Debug\20130402.unsuccessfulbuild"。
       ClCompile:
         C:\Program Files (x86)\Microsoft Visual Studio 10.0\VC\bin\CL.exe /c /ZI /nologo /W3 /WX- /Od /Oy- /D WIN32 /D _DEBUG /D _CONSOLE /D _UNICODE /D UNICODE /Gm /EHsc /RTC1 /MDd /GS /fp:precise /Zc:wchar_t /Zc:forScope /Fo"Debug\\" /Fd"Debug\vc100.pdb" /Gd /TP /analyze- /errorReport:prompt BasePlusCommissionEmployee.cpp CommissionEmployee.cpp "int main.cpp"
         int main.cpp
         CommissionEmployee.cpp
         BasePlusCommissionEmployee.cpp
         正在產生程式碼...
       ManifestResourceCompile:
         C:\Program Files (x86)\Microsoft SDKs\Windows\v7.0A\bin\rc.exe /nologo /fo"Debug\20130402.exe.embed.manifest.res" Debug\20130402_manifest.rc 
       Link:
         C:\Program Files (x86)\Microsoft Visual Studio 10.0\VC\bin\link.exe /ERRORREPORT:PROMPT /OUT:"F:\C++OO\20130402\Debug\20130402.exe" /INCREMENTAL /NOLOGO kernel32.lib user32.lib gdi32.lib winspool.lib comdlg32.lib advapi32.lib shell32.lib ole32.lib oleaut32.lib uuid.lib odbc32.lib odbccp32.lib /MANIFEST /ManifestFile:"Debug\20130402.exe.intermediate.manifest" /MANIFESTUAC:"level='asInvoker' uiAccess='false'" /DEBUG /PDB:"F:\C++OO\20130402\Debug\20130402.pdb" /SUBSYSTEM:CONSOLE /TLBID:1 /DYNAMICBASE /NXCOMPAT /IMPLIB:"F:\C++OO\20130402\Debug\20130402.lib" /MACHINE:X86 Debug\20130402.exe.embed.manifest.res
         Debug\BasePlusCommissionEmployee.obj
         Debug\CommissionEmployee.obj
         "Debug\int main.obj"
     1>CommissionEmployee.obj : error LNK2019: 無法解析的外部符號 "public: double __thiscall CommissionEmployee::getGrossSales(void)const " (?getGrossSales@CommissionEmployee@@QBENXZ) 在函式 "public: double __thiscall CommissionEmployee::earnings(void)const " (?earnings@CommissionEmployee@@QBENXZ) 中被參考
     1>int main.obj : error LNK2001: 無法解析的外部符號 "public: double __thiscall CommissionEmployee::getGrossSales(void)const " (?getGrossSales@CommissionEmployee@@QBENXZ)
     1>F:\C++OO\20130402\Debug\20130402.exe : fatal error LNK1120: 1 個無法解析的外部符號
     1>專案 "F:\C++OO\20130402\20130402\20130402.vcxproj" (build 目標) 建置完成 -- 失敗。

建置失敗。

經過時間 00:00:02.01
